<?xml version="1.0" encoding="UTF-8"?>
<testsuite xmlns:xsi="http://www.w3.org/2001/XMLSchema-instance" xsi:noNamespaceSchemaLocation="https://maven.apache.org/surefire/maven-surefire-plugin/xsd/surefire-test-report-3.0.xsd" version="3.0" name="com.jubilantz.test.TestEasUserDao" time="1.738" tests="2" errors="0" skipped="0" failures="0">
  <properties>
[...]
</properties>
  <testcase name="MD5" classname="com.jubilantz.test.TestEasUserDao" time="0.017">
    <system-out><![CDATA[2024-01-04 23:09:17 ERROR maxIdle is deprecated
a66abb5684c45962d887564f08346e8d
]]></system-out>
  </testcase>
  <testcase name="testGetPermission" classname="com.jubilantz.test.TestEasUserDao" time="0.675">
    <system-out><![CDATA[2024-01-04 23:09:17 ERROR testWhileIdle is true, validationQuery not set
系统管理
	用户管理
		添加用户
		删除用户
		修改用户
	角色管理
		添加角色
		删除角色
		修改角色
	权限管理
		添加权限
		修改权限
		删除权限
	通知管理
		添加通知
		删除通知
		修改通知
信息管理
	学生信息
		添加学生
		删除学生
		修改学生
		查看学生
	教师信息
		查看教师
		添加教师
		删除教师
		修改教师
	基本课程管理
		查看基本课程
		添加基本课程
		删除基本课程
		修改基本课程
	班级信息
		查看班级信息
		添加班级信息
		删除班级信息
		修改班级信息
课程管理
	课程信息(管理员)
		查看课程信息
		添加课程信息
		删除课程信息
		修改课程信息
	课程信息(学生)
		选择课程
		退选课程
		查看课程
	课程信息(教师)
		查看课程
		结束课程
	我的学生选课信息
成绩管理
	学生成绩列表
	我的成绩
信息报表
	成绩报表
	人数报表
]]></system-out>
  </testcase>
</testsuite>